<?xml version="1.0" encoding="UTF-8"?>
<testng-results ignored="0" total="1" passed="1" failed="0" skipped="0">
  <reporter-output>
  </reporter-output>
  <suite started-at="2025-03-21T12:28:29 IST" name="Suite" finished-at="2025-03-21T12:31:10 IST" duration-ms="161537">
    <groups>
      <group name="Sanity">
        <method signature="TC_001_CreateAR.verifyCreateAR(java.lang.String,java.lang.String,java.lang.String,java.lang.String,java.lang.String,java.lang.String,java.lang.String,java.lang.String,java.lang.String,java.lang.String,java.lang.String,java.lang.String,java.lang.String,java.lang.String,java.lang.String,java.lang.String,java.lang.String)[pri:0, instance:testCases.TC_001_CreateAR@7b2bbc3]" name="verifyCreateAR" class="testCases.TC_001_CreateAR"/>
      </group> <!-- Sanity -->
    </groups>
    <test started-at="2025-03-21T12:28:29 IST" name="Test" finished-at="2025-03-21T12:31:10 IST" duration-ms="161537">
      <class name="testCases.TC_001_CreateAR">
        <test-method is-config="true" signature="setUp(java.lang.String,java.lang.String)[pri:0, instance:testCases.TC_001_CreateAR@7b2bbc3]" started-at="2025-03-21T12:28:29 IST" name="setUp" finished-at="2025-03-21T12:29:50 IST" duration-ms="80679" status="PASS">
          <params>
            <param index="0">
              <value>
                <![CDATA[chrome]]>
              </value>
            </param>
            <param index="1">
              <value>
                <![CDATA[linux]]>
              </value>
            </param>
          </params>
          <reporter-output>
          </reporter-output>
        </test-method> <!-- setUp -->
        <test-method signature="verifyCreateAR(java.lang.String,java.lang.String,java.lang.String,java.lang.String,java.lang.String,java.lang.String,java.lang.String,java.lang.String,java.lang.String,java.lang.String,java.lang.String,java.lang.String,java.lang.String,java.lang.String,java.lang.String,java.lang.String,java.lang.String)[pri:0, instance:testCases.TC_001_CreateAR@7b2bbc3]" started-at="2025-03-21T12:29:58 IST" name="verifyCreateAR" data-provider="CreateAR" finished-at="2025-03-21T12:30:55 IST" duration-ms="56588" status="PASS">
          <params>
            <param index="0">
              <value>
                <![CDATA[Aut_N_100021]]>
              </value>
            </param>
            <param index="1">
              <value>
                <![CDATA[10002980]]>
              </value>
            </param>
            <param index="2">
              <value>
                <![CDATA[Chennai]]>
              </value>
            </param>
            <param index="3">
              <value>
                <![CDATA[1]]>
              </value>
            </param>
            <param index="4">
              <value>
                <![CDATA[1-Jan-25]]>
              </value>
            </param>
            <param index="5">
              <value>
                <![CDATA[31-Dec-25]]>
              </value>
            </param>
            <param index="6">
              <value>
                <![CDATA[Team Member]]>
              </value>
            </param>
            <param index="7">
              <value>
                <![CDATA[Associate Request Details]]>
              </value>
            </param>
            <param index="8">
              <value>
                <![CDATA[CLOUD]]>
              </value>
            </param>
            <param index="9">
              <value>
                <![CDATA[India]]>
              </value>
            </param>
            <param index="10">
              <value>
                <![CDATA[External Hiring]]>
              </value>
            </param>
            <param index="11">
              <value>
                <![CDATA[Contractor]]>
              </value>
            </param>
            <param index="12">
              <value>
                <![CDATA[Test Lead - Manual]]>
              </value>
            </param>
            <param index="13">
              <value>
                <![CDATA[CON]]>
              </value>
            </param>
            <param index="14">
              <value>
                <![CDATA[BANK]]>
              </value>
            </param>
            <param index="15">
              <value>
                <![CDATA[100]]>
              </value>
            </param>
            <param index="16">
              <value>
                <![CDATA[Billable]]>
              </value>
            </param>
          </params>
          <reporter-output>
          </reporter-output>
        </test-method> <!-- verifyCreateAR -->
        <test-method is-config="true" signature="closeBrowser()[pri:0, instance:testCases.TC_001_CreateAR@7b2bbc3]" started-at="2025-03-21T12:30:55 IST" name="closeBrowser" finished-at="2025-03-21T12:31:10 IST" duration-ms="14702" status="PASS">
          <reporter-output>
          </reporter-output>
        </test-method> <!-- closeBrowser -->
      </class> <!-- testCases.TC_001_CreateAR -->
    </test> <!-- Test -->
  </suite> <!-- Suite -->
</testng-results>
